mode: set
github.com/Omarmeks89/fsyncd/fsync.go:49.54,57.2 3 1
github.com/Omarmeks89/fsyncd/fsync.go:61.71,62.14 1 1
github.com/Omarmeks89/fsyncd/fsync.go:62.14,64.3 1 0
github.com/Omarmeks89/fsyncd/fsync.go:65.2,65.28 1 1
github.com/Omarmeks89/fsyncd/fsync.go:69.71,74.42 2 1
github.com/Omarmeks89/fsyncd/fsync.go:74.42,75.17 1 1
github.com/Omarmeks89/fsyncd/fsync.go:75.17,77.4 1 0
github.com/Omarmeks89/fsyncd/fsync.go:81.3,81.31 1 1
github.com/Omarmeks89/fsyncd/fsync.go:85.2,85.37 1 1
github.com/Omarmeks89/fsyncd/fsync.go:85.37,86.59 1 1
github.com/Omarmeks89/fsyncd/fsync.go:86.59,90.12 2 0
github.com/Omarmeks89/fsyncd/fsync.go:94.3,94.73 1 1
github.com/Omarmeks89/fsyncd/fsync.go:94.73,96.4 1 0
github.com/Omarmeks89/fsyncd/fsync.go:99.2,99.12 1 1
github.com/Omarmeks89/fsyncd/fsync.go:106.15,109.30 2 1
github.com/Omarmeks89/fsyncd/fsync.go:109.30,111.17 2 1
github.com/Omarmeks89/fsyncd/fsync.go:111.17,113.4 1 0
github.com/Omarmeks89/fsyncd/fsync.go:115.3,116.17 2 1
github.com/Omarmeks89/fsyncd/fsync.go:116.17,118.4 1 0
github.com/Omarmeks89/fsyncd/fsync.go:120.3,126.45 2 1
github.com/Omarmeks89/fsyncd/fsync.go:126.45,131.4 1 1
github.com/Omarmeks89/fsyncd/fsync.go:133.3,133.32 1 1
github.com/Omarmeks89/fsyncd/fsync.go:133.32,135.4 1 1
github.com/Omarmeks89/fsyncd/fsync.go:137.3,137.46 1 1
github.com/Omarmeks89/fsyncd/fsync.go:140.2,140.30 1 1
github.com/Omarmeks89/fsyncd/fsync.go:140.30,143.17 2 1
github.com/Omarmeks89/fsyncd/fsync.go:143.17,145.4 1 0
github.com/Omarmeks89/fsyncd/fsync.go:148.3,148.41 1 1
github.com/Omarmeks89/fsyncd/fsync.go:151.2,151.12 1 1
github.com/Omarmeks89/fsyncd/fsync.go:154.55,155.16 1 1
github.com/Omarmeks89/fsyncd/fsync.go:155.16,157.3 1 1
github.com/Omarmeks89/fsyncd/fsync.go:158.2,158.13 1 1
github.com/Omarmeks89/fsyncd/fsync.go:166.3,167.14 1 1
github.com/Omarmeks89/fsyncd/fsync.go:167.14,169.3 1 0
github.com/Omarmeks89/fsyncd/fsync.go:171.2,171.31 1 1
github.com/Omarmeks89/fsyncd/fsync.go:171.31,173.3 1 0
github.com/Omarmeks89/fsyncd/fsync.go:175.2,176.14 2 1
github.com/Omarmeks89/fsyncd/fsync.go:176.14,178.3 1 1
github.com/Omarmeks89/fsyncd/fsync.go:179.2,183.40 3 1
github.com/Omarmeks89/fsyncd/fsync.go:186.37,188.2 0 0
github.com/Omarmeks89/fsyncd/fsync.go:190.72,193.25 2 1
github.com/Omarmeks89/fsyncd/fsync.go:193.25,194.47 1 1
github.com/Omarmeks89/fsyncd/fsync.go:194.47,196.4 1 0
github.com/Omarmeks89/fsyncd/fsync.go:198.2,198.26 1 1
github.com/Omarmeks89/fsyncd/fsync.go:216.37,218.2 1 1
github.com/Omarmeks89/fsyncd/fsync.go:236.30,241.2 2 0
github.com/Omarmeks89/fsyncd/fsync.go:245.55,251.15 4 0
github.com/Omarmeks89/fsyncd/fsync.go:251.15,253.3 1 0
github.com/Omarmeks89/fsyncd/fsync.go:255.2,255.47 1 0
github.com/Omarmeks89/fsyncd/fsync.go:255.47,257.3 1 0
github.com/Omarmeks89/fsyncd/fsync.go:259.2,260.29 2 0
github.com/Omarmeks89/fsyncd/fsync.go:260.29,266.30 5 0
github.com/Omarmeks89/fsyncd/fsync.go:266.30,269.43 1 0
github.com/Omarmeks89/fsyncd/fsync.go:269.43,271.5 1 0
github.com/Omarmeks89/fsyncd/fsync.go:274.4,277.12 2 0
github.com/Omarmeks89/fsyncd/fsync.go:281.3,281.43 1 0
github.com/Omarmeks89/fsyncd/fsync.go:281.43,283.4 1 0
github.com/Omarmeks89/fsyncd/fsync.go:287.2,288.12 2 0
github.com/Omarmeks89/fsyncd/fsync.go:292.35,294.2 1 1
github.com/Omarmeks89/fsyncd/fsync.go:297.59,303.16 4 0
github.com/Omarmeks89/fsyncd/fsync.go:303.16,305.3 1 0
github.com/Omarmeks89/fsyncd/fsync.go:307.2,311.16 3 0
github.com/Omarmeks89/fsyncd/fsync.go:311.16,313.3 1 0
github.com/Omarmeks89/fsyncd/fsync.go:315.2,319.9 2 0
github.com/Omarmeks89/fsyncd/fsync.go:320.20,321.19 1 0
github.com/Omarmeks89/fsyncd/fsync.go:322.10,323.8 1 0
github.com/Omarmeks89/fsyncd/fsync.go:327.2,328.63 2 0
github.com/Omarmeks89/fsyncd/fsync.go:328.63,330.3 1 0
github.com/Omarmeks89/fsyncd/fsync.go:332.2,332.12 1 0
github.com/Omarmeks89/fsyncd/main.go:3.14,6.2 0 0
