mode: set
github.com/Omarmeks89/fsyncd/fsync.go:85.15,95.2 3 1
github.com/Omarmeks89/fsyncd/fsync.go:99.71,100.14 1 0
github.com/Omarmeks89/fsyncd/fsync.go:100.14,102.3 1 0
github.com/Omarmeks89/fsyncd/fsync.go:103.2,103.28 1 0
github.com/Omarmeks89/fsyncd/fsync.go:107.71,111.42 2 0
github.com/Omarmeks89/fsyncd/fsync.go:111.42,114.3 1 0
github.com/Omarmeks89/fsyncd/fsync.go:117.2,117.37 1 0
github.com/Omarmeks89/fsyncd/fsync.go:117.37,118.59 1 0
github.com/Omarmeks89/fsyncd/fsync.go:118.59,122.12 2 0
github.com/Omarmeks89/fsyncd/fsync.go:126.3,126.73 1 0
github.com/Omarmeks89/fsyncd/fsync.go:126.73,128.4 1 0
github.com/Omarmeks89/fsyncd/fsync.go:131.2,131.12 1 0
github.com/Omarmeks89/fsyncd/fsync.go:135.80,136.30 1 1
github.com/Omarmeks89/fsyncd/fsync.go:136.30,137.33 1 1
github.com/Omarmeks89/fsyncd/fsync.go:137.33,139.12 1 1
github.com/Omarmeks89/fsyncd/fsync.go:142.3,148.45 2 1
github.com/Omarmeks89/fsyncd/fsync.go:148.45,153.4 1 1
github.com/Omarmeks89/fsyncd/fsync.go:155.3,156.46 2 1
github.com/Omarmeks89/fsyncd/fsync.go:159.2,159.30 1 1
github.com/Omarmeks89/fsyncd/fsync.go:159.30,161.17 2 1
github.com/Omarmeks89/fsyncd/fsync.go:161.17,163.4 1 1
github.com/Omarmeks89/fsyncd/fsync.go:165.3,166.17 2 1
github.com/Omarmeks89/fsyncd/fsync.go:166.17,168.4 1 0
github.com/Omarmeks89/fsyncd/fsync.go:171.3,171.41 1 1
github.com/Omarmeks89/fsyncd/fsync.go:174.2,174.12 1 1
github.com/Omarmeks89/fsyncd/fsync.go:182.3,183.14 1 1
github.com/Omarmeks89/fsyncd/fsync.go:183.14,185.3 1 0
github.com/Omarmeks89/fsyncd/fsync.go:187.2,187.31 1 1
github.com/Omarmeks89/fsyncd/fsync.go:187.31,189.3 1 0
github.com/Omarmeks89/fsyncd/fsync.go:191.2,192.14 2 1
github.com/Omarmeks89/fsyncd/fsync.go:192.14,194.3 1 1
github.com/Omarmeks89/fsyncd/fsync.go:195.2,199.40 3 1
github.com/Omarmeks89/fsyncd/fsync.go:203.42,204.14 1 0
github.com/Omarmeks89/fsyncd/fsync.go:204.14,206.3 1 0
github.com/Omarmeks89/fsyncd/fsync.go:211.2,211.12 1 0
github.com/Omarmeks89/fsyncd/fsync.go:214.37,216.2 0 0
github.com/Omarmeks89/fsyncd/fsync.go:218.72,221.25 2 1
github.com/Omarmeks89/fsyncd/fsync.go:221.25,222.47 1 1
github.com/Omarmeks89/fsyncd/fsync.go:222.47,224.4 1 0
github.com/Omarmeks89/fsyncd/fsync.go:226.2,226.26 1 1
github.com/Omarmeks89/fsyncd/fsync.go:241.37,243.2 1 1
github.com/Omarmeks89/fsyncd/fsync.go:259.30,264.2 2 0
github.com/Omarmeks89/fsyncd/fsync.go:268.55,274.15 4 0
github.com/Omarmeks89/fsyncd/fsync.go:274.15,276.3 1 0
github.com/Omarmeks89/fsyncd/fsync.go:278.2,278.47 1 0
github.com/Omarmeks89/fsyncd/fsync.go:278.47,280.3 1 0
github.com/Omarmeks89/fsyncd/fsync.go:282.2,283.29 2 0
github.com/Omarmeks89/fsyncd/fsync.go:283.29,289.30 5 0
github.com/Omarmeks89/fsyncd/fsync.go:289.30,292.43 1 0
github.com/Omarmeks89/fsyncd/fsync.go:292.43,294.5 1 0
github.com/Omarmeks89/fsyncd/fsync.go:297.4,300.12 2 0
github.com/Omarmeks89/fsyncd/fsync.go:304.3,304.43 1 0
github.com/Omarmeks89/fsyncd/fsync.go:304.43,306.4 1 0
github.com/Omarmeks89/fsyncd/fsync.go:310.2,311.12 2 0
github.com/Omarmeks89/fsyncd/fsync.go:315.35,317.2 1 0
github.com/Omarmeks89/fsyncd/main.go:3.14,6.2 0 0
